<?xml version="1.0" encoding="UTF-8"?>
<!-- Generated by org.testng.reporters.JUnitXMLReporter -->
<testsuite ignored="0" hostname="Apples-MacBook-Pro-2.local" failures="1" tests="2" name="e2e" time="43.954" errors="0" timestamp="05 Dec 2023 07:11:18 GMT">
  <testcase classname="sus.test.stanalone_test2" name="e2e" time="18.571"/>
  <testcase classname="sus.test.stanalone_test2" name="OrderHistoryTest" time="10.052">
    <failure type="java.lang.AssertionError" message="expected [true] but found [false]">
      <![CDATA[java.lang.AssertionError: expected [true] but found [false]
at sus.test.stanalone_test2.OrderHistoryTest(stanalone_test2.java:73)
... Removed 31 stack frames]]>
    </failure>
  </testcase> <!-- OrderHistoryTest -->
</testsuite> <!-- e2e -->
