<?xml version="1.0" encoding="UTF-8"?>
<testng-results ignored="0" total="4" passed="3" failed="1" skipped="0">
  <reporter-output>
  </reporter-output>
  <suite started-at="2023-12-05T07:10:34Z" name="Suite" finished-at="2023-12-05T07:12:01Z" duration-ms="87246">
    <groups>
    </groups>
    <test started-at="2023-12-05T07:10:34Z" name="e2e" finished-at="2023-12-05T07:11:18Z" duration-ms="43954">
      <class name="sus.test.stanalone_test2">
        <test-method is-config="true" signature="initilizeDriver()[pri:0, instance:sus.test.stanalone_test2@12359a82]" started-at="2023-12-05T07:10:34Z" name="initilizeDriver" finished-at="2023-12-05T07:10:41Z" duration-ms="7718" status="PASS">
          <reporter-output>
          </reporter-output>
        </test-method> <!-- initilizeDriver -->
        <test-method signature="e2e()[pri:0, instance:sus.test.stanalone_test2@12359a82]" started-at="2023-12-05T07:10:41Z" name="e2e" finished-at="2023-12-05T07:11:00Z" duration-ms="18571" status="PASS">
          <reporter-output>
          </reporter-output>
        </test-method> <!-- e2e -->
        <test-method is-config="true" signature="closeBrowser()[pri:0, instance:sus.test.stanalone_test2@12359a82]" started-at="2023-12-05T07:11:00Z" name="closeBrowser" finished-at="2023-12-05T07:11:00Z" duration-ms="247" status="PASS">
          <reporter-output>
          </reporter-output>
        </test-method> <!-- closeBrowser -->
        <test-method is-config="true" signature="initilizeDriver()[pri:0, instance:sus.test.stanalone_test2@12359a82]" started-at="2023-12-05T07:11:00Z" name="initilizeDriver" finished-at="2023-12-05T07:11:07Z" duration-ms="7024" status="PASS">
          <reporter-output>
          </reporter-output>
        </test-method> <!-- initilizeDriver -->
        <test-method signature="OrderHistoryTest()[pri:0, instance:sus.test.stanalone_test2@12359a82]" started-at="2023-12-05T07:11:07Z" name="OrderHistoryTest" finished-at="2023-12-05T07:11:17Z" depends-on-methods="sus.test.stanalone_test2.e2e" duration-ms="10052" status="FAIL">
          <exception class="java.lang.AssertionError">
            <message>
              <![CDATA[expected [true] but found [false]]]>
            </message>
            <full-stacktrace>
              <![CDATA[java.lang.AssertionError: expected [true] but found [false]
at org.testng.Assert.fail(Assert.java:96)
at org.testng.Assert.failNotEquals(Assert.java:776)
at org.testng.Assert.assertEqualsImpl(Assert.java:137)
at org.testng.Assert.assertEquals(Assert.java:118)
at org.testng.Assert.assertEquals(Assert.java:568)
at org.testng.Assert.assertEquals(Assert.java:578)
at sus.test.stanalone_test2.OrderHistoryTest(stanalone_test2.java:73)
at java.base/jdk.internal.reflect.NativeMethodAccessorImpl.invoke0(Native Method)
at java.base/jdk.internal.reflect.NativeMethodAccessorImpl.invoke(NativeMethodAccessorImpl.java:77)
at java.base/jdk.internal.reflect.DelegatingMethodAccessorImpl.invoke(DelegatingMethodAccessorImpl.java:43)
at java.base/java.lang.reflect.Method.invoke(Method.java:568)
at org.testng.internal.MethodInvocationHelper.invokeMethod(MethodInvocationHelper.java:124)
at org.testng.internal.Invoker.invokeMethod(Invoker.java:583)
at org.testng.internal.Invoker.invokeTestMethod(Invoker.java:719)
at org.testng.internal.Invoker.invokeTestMethods(Invoker.java:989)
at org.testng.internal.TestMethodWorker.invokeTestMethods(TestMethodWorker.java:125)
at org.testng.internal.TestMethodWorker.run(TestMethodWorker.java:109)
at org.testng.TestRunner.privateRun(TestRunner.java:648)
at org.testng.TestRunner.run(TestRunner.java:505)
at org.testng.SuiteRunner.runTest(SuiteRunner.java:455)
at org.testng.SuiteRunner.runSequentially(SuiteRunner.java:450)
at org.testng.SuiteRunner.privateRun(SuiteRunner.java:415)
at org.testng.SuiteRunner.run(SuiteRunner.java:364)
at org.testng.SuiteRunnerWorker.runSuite(SuiteRunnerWorker.java:52)
at org.testng.SuiteRunnerWorker.run(SuiteRunnerWorker.java:84)
at org.testng.TestNG.runSuitesSequentially(TestNG.java:1208)
at org.testng.TestNG.runSuitesLocally(TestNG.java:1137)
at org.testng.TestNG.runSuites(TestNG.java:1049)
at org.testng.TestNG.run(TestNG.java:1017)
at org.testng.remote.AbstractRemoteTestNG.run(AbstractRemoteTestNG.java:115)
at org.testng.remote.RemoteTestNG.initAndRun(RemoteTestNG.java:251)
at org.testng.remote.RemoteTestNG.main(RemoteTestNG.java:77)
]]>
            </full-stacktrace>
          </exception> <!-- java.lang.AssertionError -->
          <reporter-output>
          </reporter-output>
        </test-method> <!-- OrderHistoryTest -->
        <test-method is-config="true" signature="closeBrowser()[pri:0, instance:sus.test.stanalone_test2@12359a82]" started-at="2023-12-05T07:11:17Z" name="closeBrowser" finished-at="2023-12-05T07:11:18Z" duration-ms="241" status="PASS">
          <reporter-output>
          </reporter-output>
        </test-method> <!-- closeBrowser -->
      </class> <!-- sus.test.stanalone_test2 -->
    </test> <!-- e2e -->
    <test started-at="2023-12-05T07:11:18Z" name="error_validation" finished-at="2023-12-05T07:12:01Z" duration-ms="43008">
      <class name="sus.test.errorvalidationTest">
        <test-method is-config="true" signature="initilizeDriver()[pri:0, instance:sus.test.errorvalidationTest@146dfe6]" started-at="2023-12-05T07:11:18Z" name="initilizeDriver" finished-at="2023-12-05T07:11:23Z" duration-ms="5641" status="PASS">
          <reporter-output>
          </reporter-output>
        </test-method> <!-- initilizeDriver -->
        <test-method signature="loginerrorvalidation()[pri:0, instance:sus.test.errorvalidationTest@146dfe6]" started-at="2023-12-05T07:11:23Z" name="loginerrorvalidation" finished-at="2023-12-05T07:11:38Z" duration-ms="14165" status="PASS">
          <reporter-output>
          </reporter-output>
        </test-method> <!-- loginerrorvalidation -->
        <test-method is-config="true" signature="closeBrowser()[pri:0, instance:sus.test.errorvalidationTest@146dfe6]" started-at="2023-12-05T07:11:38Z" name="closeBrowser" finished-at="2023-12-05T07:11:38Z" duration-ms="257" status="PASS">
          <reporter-output>
          </reporter-output>
        </test-method> <!-- closeBrowser -->
        <test-method is-config="true" signature="initilizeDriver()[pri:0, instance:sus.test.errorvalidationTest@146dfe6]" started-at="2023-12-05T07:11:38Z" name="initilizeDriver" finished-at="2023-12-05T07:11:42Z" duration-ms="4424" status="PASS">
          <reporter-output>
          </reporter-output>
        </test-method> <!-- initilizeDriver -->
        <test-method signature="producterrorvalidation()[pri:0, instance:sus.test.errorvalidationTest@146dfe6]" started-at="2023-12-05T07:11:42Z" name="producterrorvalidation" finished-at="2023-12-05T07:12:01Z" duration-ms="18326" status="PASS">
          <reporter-output>
          </reporter-output>
        </test-method> <!-- producterrorvalidation -->
        <test-method is-config="true" signature="closeBrowser()[pri:0, instance:sus.test.errorvalidationTest@146dfe6]" started-at="2023-12-05T07:12:01Z" name="closeBrowser" finished-at="2023-12-05T07:12:01Z" duration-ms="181" status="PASS">
          <reporter-output>
          </reporter-output>
        </test-method> <!-- closeBrowser -->
      </class> <!-- sus.test.errorvalidationTest -->
    </test> <!-- error_validation -->
  </suite> <!-- Suite -->
</testng-results>
